<?xml version="1.0" encoding="UTF-8"?>
<testsuite name="JUnit Jupiter" tests="8" skipped="0" failures="0" errors="0" time="0.089" hostname="Kristian" timestamp="2018-03-25T22:35:45">
<properties>
<property name="awt.toolkit" value="sun.awt.windows.WToolkit"/>
<property name="file.encoding" value="windows-1252"/>
<property name="file.encoding.pkg" value="sun.io"/>
<property name="file.separator" value="\"/>
<property name="java.awt.graphicsenv" value="sun.awt.Win32GraphicsEnvironment"/>
<property name="java.awt.printerjob" value="sun.awt.windows.WPrinterJob"/>
<property name="java.class.path" value="C:\Users\krist\Desktop\5_2018 Spring\COSC 4353\galvan_le\assign3\build\classes\java\test;C:\Users\krist\Desktop\5_2018 Spring\COSC 4353\galvan_le\assign3\build\resources\test;C:\Users\krist\Desktop\5_2018 Spring\COSC 4353\galvan_le\assign3\build\classes\java\main;C:\Users\krist\Desktop\5_2018 Spring\COSC 4353\galvan_le\assign3\build\resources\main;C:\Users\krist\.gradle\caches\modules-2\files-2.1\org.junit.jupiter\junit-jupiter-engine\5.0.3\52fcc461185c48178608f687e962de6484dfb69e\junit-jupiter-engine-5.0.3.jar;C:\Users\krist\.gradle\caches\modules-2\files-2.1\org.junit.jupiter\junit-jupiter-api\5.0.3\43872be66bab0172073ac698062419755e563353\junit-jupiter-api-5.0.3.jar;C:\Users\krist\.gradle\caches\modules-2\files-2.1\org.junit.platform\junit-platform-engine\1.0.3\7028a17adabd876b6d7530e43523a7f4fd109e18\junit-platform-engine-1.0.3.jar;C:\Users\krist\.gradle\caches\modules-2\files-2.1\org.junit.platform\junit-platform-commons\1.0.3\3663f3ddfe47df2a7bf363d5c0196f0c7a09820f\junit-platform-commons-1.0.3.jar;C:\Users\krist\.gradle\caches\modules-2\files-2.1\org.apiguardian\apiguardian-api\1.0.0\3ef5276905e36f4d8055fe3cb0bdcc7503ffc85d\apiguardian-api-1.0.0.jar;C:\Users\krist\.gradle\caches\modules-2\files-2.1\org.opentest4j\opentest4j\1.0.0\6f09c598e9ff64bf0ce2fa7e7de49a99ba83c0b4\opentest4j-1.0.0.jar;C:\Users\krist\.gradle\caches\modules-2\files-2.1\org.junit.platform\junit-platform-console\1.0.0\2931079616796bc4537f7e3c236f8fdfe7e51237\junit-platform-console-1.0.0.jar;C:\Users\krist\.gradle\caches\modules-2\files-2.1\org.junit.platform\junit-platform-launcher\1.0.0\5602a195a442636276efefce2a4c7b418cd67e5c\junit-platform-launcher-1.0.0.jar;C:\Users\krist\.gradle\caches\modules-2\files-2.1\org.junit.platform\junit-platform-engine\1.0.0\fdc6f63a689b894529ea5e9e218b65422748fd\junit-platform-engine-1.0.0.jar;C:\Users\krist\.gradle\caches\modules-2\files-2.1\org.junit.platform\junit-platform-commons\1.0.0\d2e03d9b21020746d48fe45834ff7d71fbcbd7b2\junit-platform-commons-1.0.0.jar;build/tmp/expandedArchives/org.jacoco.agent-0.7.9.jar_17d4cd69b5d9b44b59ac09d2e4756e43/jacocoagent.jar"/>
<property name="java.class.version" value="52.0"/>
<property name="java.endorsed.dirs" value="C:\Program Files\Java\jdk1.8.0_144\jre\lib\endorsed"/>
<property name="java.ext.dirs" value="C:\Program Files\Java\jdk1.8.0_144\jre\lib\ext;C:\WINDOWS\Sun\Java\lib\ext"/>
<property name="java.home" value="C:\Program Files\Java\jdk1.8.0_144\jre"/>
<property name="java.io.tmpdir" value="C:\Users\krist\AppData\Local\Temp\"/>
<property name="java.library.path" value="C:\Program Files\Java\jdk1.8.0_144\bin;C:\WINDOWS\Sun\Java\bin;C:\WINDOWS\system32;C:\WINDOWS;C:\Program Files\Oculus\Support\oculus-runtime;C:\ProgramData\Oracle\Java\javapath;C:\Windows\System32;C:\Windows;C:\Windows\System32\Wbem;C:\Windows\System32\WindowsPowerShell\v1.0\;C:\Users\krist\.dnx\bin;C:\Program Files\Microsoft DNX\Dnvm\;C:\Program Files\Microsoft SQL Server\130\Tools\Binn\;C:\Program Files (x86)\Windows Kits\8.1\Windows Performance Toolkit\;C:\Program Files (x86)\NVIDIA Corporation\PhysX\Common;C:\WINDOWS\system32;C:\WINDOWS;C:\WINDOWS\System32\Wbem;C:\WINDOWS\System32\WindowsPowerShell\v1.0\;C:\Program Files (x86)\GtkSharp\2.12\bin;C:\Program Files\Intel\WiFi\bin\;C:\Program Files\Common Files\Intel\WirelessCommon\;C:\Program Files (x86)\Skype\Phone\;C:\Program Files\Java\jdk1.8.0_144\bin;C:\Program Files\Git\cmd;C:\Program Files (x86)\SSH Communications Security\SSH Secure Shell;C:\Users\krist\AppData\Local\Microsoft\WindowsApps;;."/>
<property name="java.runtime.name" value="Java(TM) SE Runtime Environment"/>
<property name="java.runtime.version" value="1.8.0_144-b01"/>
<property name="java.specification.name" value="Java Platform API Specification"/>
<property name="java.specification.vendor" value="Oracle Corporation"/>
<property name="java.specification.version" value="1.8"/>
<property name="java.vendor" value="Oracle Corporation"/>
<property name="java.vendor.url" value="http://java.oracle.com/"/>
<property name="java.vendor.url.bug" value="http://bugreport.sun.com/bugreport/"/>
<property name="java.version" value="1.8.0_144"/>
<property name="java.vm.info" value="mixed mode"/>
<property name="java.vm.name" value="Java HotSpot(TM) 64-Bit Server VM"/>
<property name="java.vm.specification.name" value="Java Virtual Machine Specification"/>
<property name="java.vm.specification.vendor" value="Oracle Corporation"/>
<property name="java.vm.specification.version" value="1.8"/>
<property name="java.vm.vendor" value="Oracle Corporation"/>
<property name="java.vm.version" value="25.144-b01"/>
<property name="line.separator" value="
"/>
<property name="os.arch" value="amd64"/>
<property name="os.name" value="Windows 10"/>
<property name="os.version" value="10.0"/>
<property name="path.separator" value=";"/>
<property name="sun.arch.data.model" value="64"/>
<property name="sun.boot.class.path" value="C:\Program Files\Java\jdk1.8.0_144\jre\lib\resources.jar;C:\Program Files\Java\jdk1.8.0_144\jre\lib\rt.jar;C:\Program Files\Java\jdk1.8.0_144\jre\lib\sunrsasign.jar;C:\Program Files\Java\jdk1.8.0_144\jre\lib\jsse.jar;C:\Program Files\Java\jdk1.8.0_144\jre\lib\jce.jar;C:\Program Files\Java\jdk1.8.0_144\jre\lib\charsets.jar;C:\Program Files\Java\jdk1.8.0_144\jre\lib\jfr.jar;C:\Program Files\Java\jdk1.8.0_144\jre\classes"/>
<property name="sun.boot.library.path" value="C:\Program Files\Java\jdk1.8.0_144\jre\bin"/>
<property name="sun.cpu.endian" value="little"/>
<property name="sun.cpu.isalist" value="amd64"/>
<property name="sun.desktop" value="windows"/>
<property name="sun.io.unicode.encoding" value="UnicodeLittle"/>
<property name="sun.java.command" value="org.junit.platform.console.ConsoleLauncher --details NONE --scan-class-path C:\Users\krist\Desktop\5_2018 Spring\COSC 4353\galvan_le\assign3\build\classes\java\main;C:\Users\krist\Desktop\5_2018 Spring\COSC 4353\galvan_le\assign3\build\resources\main;C:\Users\krist\Desktop\5_2018 Spring\COSC 4353\galvan_le\assign3\build\classes\java\test;C:\Users\krist\Desktop\5_2018 Spring\COSC 4353\galvan_le\assign3\build\resources\test -n ^.*Tests?$ --reports-dir C:\Users\krist\Desktop\5_2018 Spring\COSC 4353\galvan_le\assign3\build\test-results\junit-platform"/>
<property name="sun.java.launcher" value="SUN_STANDARD"/>
<property name="sun.jnu.encoding" value="Cp1252"/>
<property name="sun.management.compiler" value="HotSpot 64-Bit Tiered Compilers"/>
<property name="sun.os.patch.level" value=""/>
<property name="user.country" value="US"/>
<property name="user.dir" value="C:\Users\krist\Desktop\5_2018 Spring\COSC 4353\galvan_le\assign3"/>
<property name="user.home" value="C:\Users\krist"/>
<property name="user.language" value="en"/>
<property name="user.name" value="krist"/>
<property name="user.script" value=""/>
<property name="user.timezone" value="America/Chicago"/>
<property name="user.variant" value=""/>
</properties>
<testcase name="fibMultipleNumbers()" classname="fibonacci.FibonacciIterativeSolutionTest" time="0.024">
<system-out><![CDATA[
unique-id: [engine:junit-jupiter]/[class:fibonacci.FibonacciIterativeSolutionTest]/[method:fibMultipleNumbers()]
display-name: fibMultipleNumbers()
]]></system-out>
</testcase>
<testcase name="canaryTest()" classname="fibonacci.FibonacciIterativeSolutionTest" time="0.004">
<system-out><![CDATA[
unique-id: [engine:junit-jupiter]/[class:fibonacci.FibonacciIterativeSolutionTest]/[method:canaryTest()]
display-name: canaryTest()
]]></system-out>
</testcase>
<testcase name="fibIterative50()" classname="fibonacci.FibonacciIterativeSolutionTest" time="0.001">
<system-out><![CDATA[
unique-id: [engine:junit-jupiter]/[class:fibonacci.FibonacciIterativeSolutionTest]/[method:fibIterative50()]
display-name: fibIterative50()
]]></system-out>
</testcase>
<testcase name="simpleIterationForPosition300()" classname="fibonacci.FibonacciIterativeSolutionTest" time="0.001">
<system-out><![CDATA[
unique-id: [engine:junit-jupiter]/[class:fibonacci.FibonacciIterativeSolutionTest]/[method:simpleIterationForPosition300()]
display-name: simpleIterationForPosition300()
]]></system-out>
</testcase>
<testcase name="fibMultipleNumbers()" classname="fibonacci.FibonacciMemoizedRecursiveSolutionTest" time="0.002">
<system-out><![CDATA[
unique-id: [engine:junit-jupiter]/[class:fibonacci.FibonacciMemoizedRecursiveSolutionTest]/[method:fibMultipleNumbers()]
display-name: fibMultipleNumbers()
]]></system-out>
</testcase>
<testcase name="canaryTest()" classname="fibonacci.FibonacciMemoizedRecursiveSolutionTest" time="0">
<system-out><![CDATA[
unique-id: [engine:junit-jupiter]/[class:fibonacci.FibonacciMemoizedRecursiveSolutionTest]/[method:canaryTest()]
display-name: canaryTest()
]]></system-out>
</testcase>
<testcase name="fibMultipleNumbers()" classname="fibonacci.FibonacciRecursiveSolutionTest" time="0.001">
<system-out><![CDATA[
unique-id: [engine:junit-jupiter]/[class:fibonacci.FibonacciRecursiveSolutionTest]/[method:fibMultipleNumbers()]
display-name: fibMultipleNumbers()
]]></system-out>
</testcase>
<testcase name="canaryTest()" classname="fibonacci.FibonacciRecursiveSolutionTest" time="0">
<system-out><![CDATA[
unique-id: [engine:junit-jupiter]/[class:fibonacci.FibonacciRecursiveSolutionTest]/[method:canaryTest()]
display-name: canaryTest()
]]></system-out>
</testcase>
<system-out><![CDATA[
unique-id: [engine:junit-jupiter]
display-name: JUnit Jupiter
]]></system-out>
</testsuite>
